#! /usr/bin/vvp
:ivl_version "10.1 (stable)";
:ivl_delay_selection "TYPICAL";
:vpi_time_precision + 0;
:vpi_module "system";
:vpi_module "vhdl_sys";
:vpi_module "v2005_math";
:vpi_module "va_math";
S_0x55f47c0e90c0 .scope module, "id" "id" 2 3;
 .timescale 0 0;
    .port_info 0 /INPUT 1 "rst"
    .port_info 1 /INPUT 32 "inst_i"
    .port_info 2 /INPUT 32 "reg1_data_i"
    .port_info 3 /INPUT 32 "reg2_data_i"
    .port_info 4 /OUTPUT 1 "reg1_read_o"
    .port_info 5 /OUTPUT 1 "reg2_read_o"
    .port_info 6 /OUTPUT 5 "reg1_addr_o"
    .port_info 7 /OUTPUT 5 "reg2_addr_o"
    .port_info 8 /OUTPUT 3 "alusel_o"
    .port_info 9 /OUTPUT 8 "aluop_o"
    .port_info 10 /OUTPUT 32 "reg1_o"
    .port_info 11 /OUTPUT 32 "reg2_o"
    .port_info 12 /OUTPUT 5 "wd_o"
    .port_info 13 /OUTPUT 1 "wreg_o"
    .port_info 14 /INPUT 1 "ex_wreg_i"
    .port_info 15 /INPUT 32 "ex_wdata_i"
    .port_info 16 /INPUT 5 "ex_wd_i"
    .port_info 17 /INPUT 1 "mem_wreg_i"
    .port_info 18 /INPUT 32 "mem_wdata_i"
    .port_info 19 /INPUT 5 "mem_wd_i"
v0x55f47c0e9490_0 .var "aluop_o", 7 0;
v0x55f47c108c50_0 .var "alusel_o", 2 0;
o0x7fe55ee48078 .functor BUFZ 5, C4<zzzzz>; HiZ drive
v0x55f47c108d30_0 .net "ex_wd_i", 4 0, o0x7fe55ee48078;  0 drivers
o0x7fe55ee480a8 .functor BUFZ 32, C4<zzzzzzzzzzzzzzzzzzzzzzzzzzzzzzzz>; HiZ drive
v0x55f47c108df0_0 .net "ex_wdata_i", 31 0, o0x7fe55ee480a8;  0 drivers
o0x7fe55ee480d8 .functor BUFZ 1, C4<z>; HiZ drive
v0x55f47c108ed0_0 .net "ex_wreg_i", 0 0, o0x7fe55ee480d8;  0 drivers
v0x55f47c108fe0_0 .var "imm", 31 0;
o0x7fe55ee48138 .functor BUFZ 32, C4<zzzzzzzzzzzzzzzzzzzzzzzzzzzzzzzz>; HiZ drive
v0x55f47c1090c0_0 .net "inst_i", 31 0, o0x7fe55ee48138;  0 drivers
v0x55f47c1091a0_0 .var "instvalid", 0 0;
o0x7fe55ee48198 .functor BUFZ 5, C4<zzzzz>; HiZ drive
v0x55f47c109260_0 .net "mem_wd_i", 4 0, o0x7fe55ee48198;  0 drivers
o0x7fe55ee481c8 .functor BUFZ 32, C4<zzzzzzzzzzzzzzzzzzzzzzzzzzzzzzzz>; HiZ drive
v0x55f47c109340_0 .net "mem_wdata_i", 31 0, o0x7fe55ee481c8;  0 drivers
o0x7fe55ee481f8 .functor BUFZ 1, C4<z>; HiZ drive
v0x55f47c109420_0 .net "mem_wreg_i", 0 0, o0x7fe55ee481f8;  0 drivers
v0x55f47c1094e0_0 .net "op", 5 0, L_0x55f47c10a5c0;  1 drivers
v0x55f47c1095c0_0 .net "op2", 4 0, L_0x55f47c10a660;  1 drivers
v0x55f47c1096a0_0 .net "op3", 5 0, L_0x55f47c10a700;  1 drivers
v0x55f47c109780_0 .net "op4", 4 0, L_0x55f47c10a7a0;  1 drivers
v0x55f47c109860_0 .var "reg1_addr_o", 4 0;
o0x7fe55ee48318 .functor BUFZ 32, C4<zzzzzzzzzzzzzzzzzzzzzzzzzzzzzzzz>; HiZ drive
v0x55f47c109940_0 .net "reg1_data_i", 31 0, o0x7fe55ee48318;  0 drivers
v0x55f47c109b30_0 .var "reg1_o", 31 0;
v0x55f47c109c10_0 .var "reg1_read_o", 0 0;
v0x55f47c109cd0_0 .var "reg2_addr_o", 4 0;
o0x7fe55ee483d8 .functor BUFZ 32, C4<zzzzzzzzzzzzzzzzzzzzzzzzzzzzzzzz>; HiZ drive
v0x55f47c109db0_0 .net "reg2_data_i", 31 0, o0x7fe55ee483d8;  0 drivers
v0x55f47c109e90_0 .var "reg2_o", 31 0;
v0x55f47c109f70_0 .var "reg2_read_o", 0 0;
o0x7fe55ee48468 .functor BUFZ 1, C4<z>; HiZ drive
v0x55f47c10a030_0 .net "rst", 0 0, o0x7fe55ee48468;  0 drivers
v0x55f47c10a0f0_0 .var "wd_o", 4 0;
v0x55f47c10a1d0_0 .var "wreg_o", 0 0;
E_0x55f47c0d0b00/0 .event edge, v0x55f47c10a030_0, v0x55f47c109f70_0, v0x55f47c108ed0_0, v0x55f47c108d30_0;
E_0x55f47c0d0b00/1 .event edge, v0x55f47c109cd0_0, v0x55f47c108df0_0, v0x55f47c109420_0, v0x55f47c109260_0;
E_0x55f47c0d0b00/2 .event edge, v0x55f47c109340_0, v0x55f47c109db0_0, v0x55f47c108fe0_0;
E_0x55f47c0d0b00 .event/or E_0x55f47c0d0b00/0, E_0x55f47c0d0b00/1, E_0x55f47c0d0b00/2;
E_0x55f47c0cf2a0/0 .event edge, v0x55f47c10a030_0, v0x55f47c109c10_0, v0x55f47c108ed0_0, v0x55f47c108d30_0;
E_0x55f47c0cf2a0/1 .event edge, v0x55f47c109860_0, v0x55f47c108df0_0, v0x55f47c109420_0, v0x55f47c109260_0;
E_0x55f47c0cf2a0/2 .event edge, v0x55f47c109340_0, v0x55f47c109940_0, v0x55f47c108fe0_0;
E_0x55f47c0cf2a0 .event/or E_0x55f47c0cf2a0/0, E_0x55f47c0cf2a0/1, E_0x55f47c0cf2a0/2;
E_0x55f47c0998e0 .event edge, v0x55f47c10a030_0, v0x55f47c1094e0_0, v0x55f47c1090c0_0;
L_0x55f47c10a5c0 .part o0x7fe55ee48138, 26, 6;
L_0x55f47c10a660 .part o0x7fe55ee48138, 6, 5;
L_0x55f47c10a700 .part o0x7fe55ee48138, 0, 6;
L_0x55f47c10a7a0 .part o0x7fe55ee48138, 16, 5;
    .scope S_0x55f47c0e90c0;
T_0 ;
    %wait E_0x55f47c0998e0;
    %load/vec4 v0x55f47c10a030_0;
    %cmpi/e 1, 0, 1;
    %jmp/0xz  T_0.0, 4;
    %pushi/vec4 0, 0, 8;
    %store/vec4 v0x55f47c0e9490_0, 0, 8;
    %pushi/vec4 0, 0, 3;
    %store/vec4 v0x55f47c108c50_0, 0, 3;
    %pushi/vec4 0, 0, 5;
    %store/vec4 v0x55f47c10a0f0_0, 0, 5;
    %pushi/vec4 0, 0, 1;
    %store/vec4 v0x55f47c10a1d0_0, 0, 1;
    %pushi/vec4 0, 0, 1;
    %store/vec4 v0x55f47c1091a0_0, 0, 1;
    %pushi/vec4 0, 0, 1;
    %store/vec4 v0x55f47c109c10_0, 0, 1;
    %pushi/vec4 0, 0, 1;
    %store/vec4 v0x55f47c109f70_0, 0, 1;
    %pushi/vec4 0, 0, 5;
    %store/vec4 v0x55f47c109860_0, 0, 5;
    %pushi/vec4 0, 0, 5;
    %store/vec4 v0x55f47c109cd0_0, 0, 5;
    %pushi/vec4 0, 0, 32;
    %store/vec4 v0x55f47c108fe0_0, 0, 32;
    %jmp T_0.1;
T_0.0 ;
    %load/vec4 v0x55f47c1094e0_0;
    %dup/vec4;
    %pushi/vec4 13, 0, 6;
    %cmp/u;
    %jmp/1 T_0.2, 6;
    %pushi/vec4 0, 0, 8;
    %store/vec4 v0x55f47c0e9490_0, 0, 8;
    %pushi/vec4 0, 0, 3;
    %store/vec4 v0x55f47c108c50_0, 0, 3;
    %load/vec4 v0x55f47c1090c0_0;
    %parti/s 5, 11, 5;
    %store/vec4 v0x55f47c10a0f0_0, 0, 5;
    %pushi/vec4 0, 0, 1;
    %store/vec4 v0x55f47c10a1d0_0, 0, 1;
    %pushi/vec4 0, 0, 1;
    %store/vec4 v0x55f47c1091a0_0, 0, 1;
    %pushi/vec4 0, 0, 1;
    %store/vec4 v0x55f47c109c10_0, 0, 1;
    %pushi/vec4 0, 0, 1;
    %store/vec4 v0x55f47c109f70_0, 0, 1;
    %load/vec4 v0x55f47c1090c0_0;
    %parti/s 5, 21, 6;
    %store/vec4 v0x55f47c109860_0, 0, 5;
    %load/vec4 v0x55f47c1090c0_0;
    %parti/s 5, 16, 6;
    %store/vec4 v0x55f47c109cd0_0, 0, 5;
    %pushi/vec4 0, 0, 32;
    %store/vec4 v0x55f47c108fe0_0, 0, 32;
    %jmp T_0.4;
T_0.2 ;
    %pushi/vec4 37, 0, 8;
    %store/vec4 v0x55f47c0e9490_0, 0, 8;
    %pushi/vec4 1, 0, 3;
    %store/vec4 v0x55f47c108c50_0, 0, 3;
    %load/vec4 v0x55f47c1090c0_0;
    %parti/s 5, 16, 6;
    %store/vec4 v0x55f47c10a0f0_0, 0, 5;
    %pushi/vec4 1, 0, 1;
    %store/vec4 v0x55f47c10a1d0_0, 0, 1;
    %pushi/vec4 1, 0, 1;
    %store/vec4 v0x55f47c1091a0_0, 0, 1;
    %pushi/vec4 1, 0, 1;
    %store/vec4 v0x55f47c109c10_0, 0, 1;
    %pushi/vec4 0, 0, 1;
    %store/vec4 v0x55f47c109f70_0, 0, 1;
    %load/vec4 v0x55f47c1090c0_0;
    %parti/s 5, 21, 6;
    %store/vec4 v0x55f47c109860_0, 0, 5;
    %load/vec4 v0x55f47c1090c0_0;
    %parti/s 5, 16, 6;
    %store/vec4 v0x55f47c109cd0_0, 0, 5;
    %pushi/vec4 0, 0, 16;
    %load/vec4 v0x55f47c1090c0_0;
    %parti/s 16, 0, 2;
    %concat/vec4; draw_concat_vec4
    %store/vec4 v0x55f47c108fe0_0, 0, 32;
    %jmp T_0.4;
T_0.4 ;
    %pop/vec4 1;
T_0.1 ;
    %jmp T_0;
    .thread T_0, $push;
    .scope S_0x55f47c0e90c0;
T_1 ;
    %wait E_0x55f47c0cf2a0;
    %load/vec4 v0x55f47c10a030_0;
    %cmpi/e 1, 0, 1;
    %jmp/0xz  T_1.0, 4;
    %pushi/vec4 0, 0, 32;
    %store/vec4 v0x55f47c109b30_0, 0, 32;
    %jmp T_1.1;
T_1.0 ;
    %load/vec4 v0x55f47c109c10_0;
    %pushi/vec4 1, 0, 1;
    %cmp/e;
    %flag_get/vec4 4;
    %load/vec4 v0x55f47c108ed0_0;
    %pushi/vec4 1, 0, 1;
    %cmp/e;
    %flag_get/vec4 4;
    %and;
    %load/vec4 v0x55f47c108d30_0;
    %load/vec4 v0x55f47c109860_0;
    %cmp/e;
    %flag_get/vec4 4;
    %and;
    %flag_set/vec4 8;
    %jmp/0xz  T_1.2, 8;
    %load/vec4 v0x55f47c108df0_0;
    %store/vec4 v0x55f47c109b30_0, 0, 32;
    %jmp T_1.3;
T_1.2 ;
    %load/vec4 v0x55f47c109c10_0;
    %pushi/vec4 1, 0, 1;
    %cmp/e;
    %flag_get/vec4 4;
    %load/vec4 v0x55f47c109420_0;
    %pushi/vec4 1, 0, 1;
    %cmp/e;
    %flag_get/vec4 4;
    %and;
    %load/vec4 v0x55f47c109260_0;
    %load/vec4 v0x55f47c109860_0;
    %cmp/e;
    %flag_get/vec4 4;
    %and;
    %flag_set/vec4 8;
    %jmp/0xz  T_1.4, 8;
    %load/vec4 v0x55f47c109340_0;
    %store/vec4 v0x55f47c109b30_0, 0, 32;
    %jmp T_1.5;
T_1.4 ;
    %load/vec4 v0x55f47c109c10_0;
    %cmpi/e 1, 0, 1;
    %jmp/0xz  T_1.6, 4;
    %load/vec4 v0x55f47c109940_0;
    %store/vec4 v0x55f47c109b30_0, 0, 32;
    %jmp T_1.7;
T_1.6 ;
    %load/vec4 v0x55f47c109c10_0;
    %cmpi/e 0, 0, 1;
    %jmp/0xz  T_1.8, 4;
    %load/vec4 v0x55f47c108fe0_0;
    %store/vec4 v0x55f47c109b30_0, 0, 32;
    %jmp T_1.9;
T_1.8 ;
    %pushi/vec4 0, 0, 32;
    %store/vec4 v0x55f47c109b30_0, 0, 32;
T_1.9 ;
T_1.7 ;
T_1.5 ;
T_1.3 ;
T_1.1 ;
    %jmp T_1;
    .thread T_1, $push;
    .scope S_0x55f47c0e90c0;
T_2 ;
    %wait E_0x55f47c0d0b00;
    %load/vec4 v0x55f47c10a030_0;
    %cmpi/e 1, 0, 1;
    %jmp/0xz  T_2.0, 4;
    %pushi/vec4 0, 0, 32;
    %store/vec4 v0x55f47c109e90_0, 0, 32;
    %jmp T_2.1;
T_2.0 ;
    %load/vec4 v0x55f47c109f70_0;
    %pushi/vec4 1, 0, 1;
    %cmp/e;
    %flag_get/vec4 4;
    %load/vec4 v0x55f47c108ed0_0;
    %pushi/vec4 1, 0, 1;
    %cmp/e;
    %flag_get/vec4 4;
    %and;
    %load/vec4 v0x55f47c108d30_0;
    %load/vec4 v0x55f47c109cd0_0;
    %cmp/e;
    %flag_get/vec4 4;
    %and;
    %flag_set/vec4 8;
    %jmp/0xz  T_2.2, 8;
    %load/vec4 v0x55f47c108df0_0;
    %store/vec4 v0x55f47c109e90_0, 0, 32;
    %jmp T_2.3;
T_2.2 ;
    %load/vec4 v0x55f47c109f70_0;
    %pushi/vec4 1, 0, 1;
    %cmp/e;
    %flag_get/vec4 4;
    %load/vec4 v0x55f47c109420_0;
    %pushi/vec4 1, 0, 1;
    %cmp/e;
    %flag_get/vec4 4;
    %and;
    %load/vec4 v0x55f47c109260_0;
    %load/vec4 v0x55f47c109cd0_0;
    %cmp/e;
    %flag_get/vec4 4;
    %and;
    %flag_set/vec4 8;
    %jmp/0xz  T_2.4, 8;
    %load/vec4 v0x55f47c109340_0;
    %store/vec4 v0x55f47c109e90_0, 0, 32;
    %jmp T_2.5;
T_2.4 ;
    %load/vec4 v0x55f47c109f70_0;
    %cmpi/e 1, 0, 1;
    %jmp/0xz  T_2.6, 4;
    %load/vec4 v0x55f47c109db0_0;
    %store/vec4 v0x55f47c109e90_0, 0, 32;
    %jmp T_2.7;
T_2.6 ;
    %load/vec4 v0x55f47c109f70_0;
    %cmpi/e 0, 0, 1;
    %jmp/0xz  T_2.8, 4;
    %load/vec4 v0x55f47c108fe0_0;
    %store/vec4 v0x55f47c109e90_0, 0, 32;
    %jmp T_2.9;
T_2.8 ;
    %pushi/vec4 0, 0, 32;
    %store/vec4 v0x55f47c109e90_0, 0, 32;
T_2.9 ;
T_2.7 ;
T_2.5 ;
T_2.3 ;
T_2.1 ;
    %jmp T_2;
    .thread T_2, $push;
# The file index is used to find the file name in the following table.
:file_names 3;
    "N/A";
    "<interactive>";
    "id.v";
